0 info it worked if it ends with ok
1 verbose cli [ '/usr/local/bin/node', '/usr/local/bin/npm', 'run', 'dev' ]
2 info using npm@3.6.0
3 info using node@v5.6.0
4 verbose run-script [ 'predev', 'dev', 'postdev' ]
5 info lifecycle webapp.liveSearch.com@0.0.1~predev: webapp.liveSearch.com@0.0.1
6 silly lifecycle webapp.liveSearch.com@0.0.1~predev: no script for predev, continuing
7 info lifecycle webapp.liveSearch.com@0.0.1~dev: webapp.liveSearch.com@0.0.1
8 verbose lifecycle webapp.liveSearch.com@0.0.1~dev: unsafe-perm in lifecycle true
9 verbose lifecycle webapp.liveSearch.com@0.0.1~dev: PATH: /usr/local/lib/node_modules/npm/bin/node-gyp-bin:/Users/yangjiajun/node-vue-server-webpack/node_modules/.bin:/Users/yangjiajun/.composer/vendor/bin:/usr/local/bin:/usr/bin:/bin:/usr/sbin:/sbin:/opt/X11/bin
10 verbose lifecycle webapp.liveSearch.com@0.0.1~dev: CWD: /Users/yangjiajun/node-vue-server-webpack
11 silly lifecycle webapp.liveSearch.com@0.0.1~dev: Args: [ '-c', 'node server --harmony' ]
12 silly lifecycle webapp.liveSearch.com@0.0.1~dev: Returned: code: 1  signal: null
13 info lifecycle webapp.liveSearch.com@0.0.1~dev: Failed to exec dev script
14 verbose stack Error: webapp.liveSearch.com@0.0.1 dev: `node server --harmony`
14 verbose stack Exit status 1
14 verbose stack     at EventEmitter.<anonymous> (/usr/local/lib/node_modules/npm/lib/utils/lifecycle.js:232:16)
14 verbose stack     at emitTwo (events.js:100:13)
14 verbose stack     at EventEmitter.emit (events.js:185:7)
14 verbose stack     at ChildProcess.<anonymous> (/usr/local/lib/node_modules/npm/lib/utils/spawn.js:24:14)
14 verbose stack     at emitTwo (events.js:100:13)
14 verbose stack     at ChildProcess.emit (events.js:185:7)
14 verbose stack     at maybeClose (internal/child_process.js:827:16)
14 verbose stack     at Process.ChildProcess._handle.onexit (internal/child_process.js:211:5)
15 verbose pkgid webapp.liveSearch.com@0.0.1
16 verbose cwd /Users/yangjiajun/node-vue-server-webpack
17 error Darwin 15.0.0
18 error argv "/usr/local/bin/node" "/usr/local/bin/npm" "run" "dev"
19 error node v5.6.0
20 error npm  v3.6.0
21 error code ELIFECYCLE
22 error webapp.liveSearch.com@0.0.1 dev: `node server --harmony`
22 error Exit status 1
23 error Failed at the webapp.liveSearch.com@0.0.1 dev script 'node server --harmony'.
23 error Make sure you have the latest version of node.js and npm installed.
23 error If you do, this is most likely a problem with the webapp.liveSearch.com package,
23 error not with npm itself.
23 error Tell the author that this fails on your system:
23 error     node server --harmony
23 error You can get information on how to open an issue for this project with:
23 error     npm bugs webapp.liveSearch.com
23 error Or if that isn't available, you can get their info via:
23 error     npm owner ls webapp.liveSearch.com
23 error There is likely additional logging output above.
24 verbose exit [ 1, true ]
